{"level":"info","message":"Server running in development mode on port 5000","timestamp":"2024-12-23T08:56:11.003Z"}
{"level":"info","message":"MongoDB Connected: ac-ujg8pad-shard-00-02.nh31pvk.mongodb.net","timestamp":"2024-12-23T08:56:14.269Z"}
{"level":"info","message":"Server running in development mode on port 5000","timestamp":"2024-12-23T08:57:38.639Z"}
{"level":"info","message":"MongoDB Connected: ac-ujg8pad-shard-00-00.nh31pvk.mongodb.net","timestamp":"2024-12-23T08:57:41.637Z"}
{"level":"info","message":"Server running in development mode on port 5000","timestamp":"2024-12-23T08:57:56.608Z"}
{"level":"info","message":"MongoDB Connected: ac-ujg8pad-shard-00-02.nh31pvk.mongodb.net","timestamp":"2024-12-23T08:57:59.432Z"}
{"level":"info","message":"Server running in development mode on port 5000","timestamp":"2024-12-23T09:02:33.742Z"}
{"level":"info","message":"MongoDB Connected: ac-ujg8pad-shard-00-00.nh31pvk.mongodb.net","timestamp":"2024-12-23T09:02:36.765Z"}
{"level":"info","message":"Server running in development mode on port 5000","timestamp":"2024-12-23T09:02:39.582Z"}
{"level":"info","message":"MongoDB Connected: ac-ujg8pad-shard-00-02.nh31pvk.mongodb.net","timestamp":"2024-12-23T09:02:42.389Z"}
{"level":"info","message":"Server running in development mode on port 5000","timestamp":"2024-12-23T09:02:43.807Z"}
{"level":"info","message":"MongoDB Connected: ac-ujg8pad-shard-00-00.nh31pvk.mongodb.net","timestamp":"2024-12-23T09:02:46.769Z"}
{"level":"info","message":"Server running in development mode on port 5000","timestamp":"2024-12-23T09:03:24.519Z"}
{"level":"info","message":"MongoDB Connected: ac-ujg8pad-shard-00-02.nh31pvk.mongodb.net","timestamp":"2024-12-23T09:03:27.464Z"}
{"level":"info","message":"Server running in development mode on port 5000","timestamp":"2024-12-23T09:03:51.490Z"}
{"level":"info","message":"MongoDB Connected: ac-ujg8pad-shard-00-01.nh31pvk.mongodb.net","timestamp":"2024-12-23T09:03:54.511Z"}
{"level":"warn","message":"MongoDB disconnected","timestamp":"2024-12-23T09:13:54.639Z"}
{"level":"warn","message":"MongoDB disconnected","timestamp":"2024-12-23T09:16:39.297Z"}
{"ip":"::1","level":"error","message":"Password must contain at least one uppercase letter, one lowercase letter, and one number","method":"POST","path":"/api/auth/register","stack":"Error: Password must contain at least one uppercase letter, one lowercase letter, and one number\n    at D:\\Projects\\Devs\\NIBM ASSINGMENTS\\Ovini\\BusSeatBooking-backend\\src\\middleware\\validator.js:14:10\n    at process.processTicksAndRejections (node:internal/process/task_queues:95:5)","timestamp":"2024-12-23T10:03:14.800Z"}
{"level":"info","message":"::1 - - [23/Dec/2024:10:03:14 +0000] \"POST /api/auth/register HTTP/1.1\" 400 423 \"-\" \"PostmanRuntime/7.43.0\"","timestamp":"2024-12-23T10:03:14.804Z"}
{"ip":"::1","level":"error","message":"config is not defined","method":"POST","path":"/api/auth/register","stack":"ReferenceError: config is not defined\n    at register (D:\\Projects\\Devs\\NIBM ASSINGMENTS\\Ovini\\BusSeatBooking-backend\\src\\controllers\\authController.js:17:17)\n    at process.processTicksAndRejections (node:internal/process/task_queues:95:5)","timestamp":"2024-12-23T10:03:45.044Z"}
{"level":"info","message":"::1 - - [23/Dec/2024:10:03:45 +0000] \"POST /api/auth/register HTTP/1.1\" 500 313 \"-\" \"PostmanRuntime/7.43.0\"","timestamp":"2024-12-23T10:03:45.045Z"}
{"level":"info","message":"Server running in development mode on port 5000","timestamp":"2024-12-23T10:05:48.779Z"}
{"level":"info","message":"MongoDB Connected: ac-ujg8pad-shard-00-02.nh31pvk.mongodb.net","timestamp":"2024-12-23T10:05:54.448Z"}
{"ip":"::1","level":"error","message":"Email already registered","method":"POST","path":"/api/auth/register","stack":"Error: Email already registered\n    at AuthService.register (D:\\Projects\\Devs\\NIBM ASSINGMENTS\\Ovini\\BusSeatBooking-backend\\src\\services\\authService.js:11:13)\n    at process.processTicksAndRejections (node:internal/process/task_queues:95:5)\n    at async register (D:\\Projects\\Devs\\NIBM ASSINGMENTS\\Ovini\\BusSeatBooking-backend\\src\\controllers\\authController.js:9:20)","timestamp":"2024-12-23T10:05:56.282Z"}
{"level":"info","message":"::1 - - [23/Dec/2024:10:05:56 +0000] \"POST /api/auth/register HTTP/1.1\" 400 451 \"-\" \"PostmanRuntime/7.43.0\"","timestamp":"2024-12-23T10:05:56.286Z"}
{"level":"info","message":"Server closed","timestamp":"2024-12-23T10:07:51.363Z"}
{"level":"info","message":"Server running in development mode on port 5000","timestamp":"2024-12-23T10:07:54.634Z"}
{"level":"info","message":"MongoDB Connected: ac-ujg8pad-shard-00-00.nh31pvk.mongodb.net","timestamp":"2024-12-23T10:07:57.656Z"}
{"level":"info","message":"::1 - - [23/Dec/2024:10:08:02 +0000] \"POST /api/auth/register HTTP/1.1\" 201 356 \"-\" \"PostmanRuntime/7.43.0\"","timestamp":"2024-12-23T10:08:02.808Z"}
{"ip":"::1","level":"error","message":"Invalid credentials","method":"POST","path":"/api/auth/login","stack":"Error: Invalid credentials\n    at AuthService.login (D:\\Projects\\Devs\\NIBM ASSINGMENTS\\Ovini\\BusSeatBooking-backend\\src\\services\\authService.js:32:13)\n    at async login (D:\\Projects\\Devs\\NIBM ASSINGMENTS\\Ovini\\BusSeatBooking-backend\\src\\controllers\\authController.js:35:20)","timestamp":"2024-12-23T10:09:19.913Z"}
{"level":"info","message":"::1 - - [23/Dec/2024:10:09:19 +0000] \"POST /api/auth/login HTTP/1.1\" 401 353 \"-\" \"PostmanRuntime/7.43.0\"","timestamp":"2024-12-23T10:09:19.914Z"}
{"level":"info","message":"::1 - - [23/Dec/2024:10:09:31 +0000] \"POST /api/auth/login HTTP/1.1\" 200 349 \"-\" \"PostmanRuntime/7.43.0\"","timestamp":"2024-12-23T10:09:31.208Z"}
{"level":"info","message":"::1 - - [23/Dec/2024:10:14:07 +0000] \"POST /api/auth/refresh-token HTTP/1.1\" 200 258 \"-\" \"PostmanRuntime/7.43.0\"","timestamp":"2024-12-23T10:14:07.764Z"}
{"ip":"::1","level":"error","message":"No access token provided","method":"POST","path":"/api/auth/logout","stack":"Error: No access token provided\n    at exports.authenticate (D:\\Projects\\Devs\\NIBM ASSINGMENTS\\Ovini\\BusSeatBooking-backend\\src\\middleware\\auth.js:9:13)\n    at Layer.handle [as handle_request] (D:\\Projects\\Devs\\NIBM ASSINGMENTS\\Ovini\\BusSeatBooking-backend\\node_modules\\express\\lib\\router\\layer.js:95:5)\n    at trim_prefix (D:\\Projects\\Devs\\NIBM ASSINGMENTS\\Ovini\\BusSeatBooking-backend\\node_modules\\express\\lib\\router\\index.js:328:13)\n    at D:\\Projects\\Devs\\NIBM ASSINGMENTS\\Ovini\\BusSeatBooking-backend\\node_modules\\express\\lib\\router\\index.js:286:9\n    at Function.process_params (D:\\Projects\\Devs\\NIBM ASSINGMENTS\\Ovini\\BusSeatBooking-backend\\node_modules\\express\\lib\\router\\index.js:346:12)\n    at next (D:\\Projects\\Devs\\NIBM ASSINGMENTS\\Ovini\\BusSeatBooking-backend\\node_modules\\express\\lib\\router\\index.js:280:10)\n    at Function.handle (D:\\Projects\\Devs\\NIBM ASSINGMENTS\\Ovini\\BusSeatBooking-backend\\node_modules\\express\\lib\\router\\index.js:175:3)\n    at router (D:\\Projects\\Devs\\NIBM ASSINGMENTS\\Ovini\\BusSeatBooking-backend\\node_modules\\express\\lib\\router\\index.js:47:12)\n    at Layer.handle [as handle_request] (D:\\Projects\\Devs\\NIBM ASSINGMENTS\\Ovini\\BusSeatBooking-backend\\node_modules\\express\\lib\\router\\layer.js:95:5)\n    at trim_prefix (D:\\Projects\\Devs\\NIBM ASSINGMENTS\\Ovini\\BusSeatBooking-backend\\node_modules\\express\\lib\\router\\index.js:328:13)","timestamp":"2024-12-23T10:15:29.043Z"}
{"level":"info","message":"::1 - - [23/Dec/2024:10:15:29 +0000] \"POST /api/auth/logout HTTP/1.1\" 401 - \"-\" \"PostmanRuntime/7.43.0\"","timestamp":"2024-12-23T10:15:29.046Z"}
{"level":"info","message":"::1 - - [23/Dec/2024:10:15:42 +0000] \"POST /api/auth/login HTTP/1.1\" 200 349 \"-\" \"PostmanRuntime/7.43.0\"","timestamp":"2024-12-23T10:15:42.513Z"}
{"level":"info","message":"::1 - - [23/Dec/2024:10:15:59 +0000] \"POST /api/auth/logout HTTP/1.1\" 200 56 \"-\" \"PostmanRuntime/7.43.0\"","timestamp":"2024-12-23T10:15:59.046Z"}
{"level":"info","message":"Server closed","timestamp":"2024-12-23T10:18:52.547Z"}
{"level":"info","message":"Server running in development mode on port 5000","timestamp":"2024-12-23T10:24:16.382Z"}
{"level":"info","message":"MongoDB Connected: ac-ujg8pad-shard-00-00.nh31pvk.mongodb.net","timestamp":"2024-12-23T10:24:19.705Z"}
{"level":"info","message":"Server running in development mode on port 5000","timestamp":"2024-12-23T10:30:22.478Z"}
{"level":"info","message":"MongoDB Connected: ac-ujg8pad-shard-00-01.nh31pvk.mongodb.net","timestamp":"2024-12-23T10:30:25.902Z"}
{"level":"info","message":"::1 - - [23/Dec/2024:10:33:50 +0000] \"POST /api/auth/register HTTP/1.1\" 201 356 \"-\" \"PostmanRuntime/7.43.0\"","timestamp":"2024-12-23T10:33:50.495Z"}
{"level":"info","message":"Server running in development mode on port 5000","timestamp":"2024-12-23T10:34:43.132Z"}
{"level":"info","message":"Server running in development mode on port 5000","timestamp":"2024-12-23T10:34:46.997Z"}
{"level":"info","message":"MongoDB Connected: ac-ujg8pad-shard-00-01.nh31pvk.mongodb.net","timestamp":"2024-12-23T10:34:49.690Z"}
{"level":"info","message":"::1 - - [23/Dec/2024:10:35:06 +0000] \"POST /api/auth/register HTTP/1.1\" 201 360 \"-\" \"PostmanRuntime/7.43.0\"","timestamp":"2024-12-23T10:35:06.951Z"}
{"level":"info","message":"Server running in development mode on port 5000","timestamp":"2024-12-23T10:35:36.123Z"}
{"level":"info","message":"Server running in development mode on port 5000","timestamp":"2024-12-23T10:35:37.307Z"}
{"level":"info","message":"MongoDB Connected: ac-ujg8pad-shard-00-01.nh31pvk.mongodb.net","timestamp":"2024-12-23T10:35:40.220Z"}
{"level":"info","message":"Server running in development mode on port 5000","timestamp":"2024-12-23T10:36:03.754Z"}
{"level":"info","message":"MongoDB Connected: ac-ujg8pad-shard-00-02.nh31pvk.mongodb.net","timestamp":"2024-12-23T10:36:06.779Z"}
{"level":"info","message":"Server running in development mode on port 5000","timestamp":"2024-12-23T10:36:49.075Z"}
{"level":"info","message":"Server running in development mode on port 5000","timestamp":"2024-12-23T10:36:51.114Z"}
{"level":"info","message":"MongoDB Connected: ac-ujg8pad-shard-00-02.nh31pvk.mongodb.net","timestamp":"2024-12-23T10:36:53.900Z"}
{"level":"info","message":"Server running in development mode on port 5000","timestamp":"2024-12-23T10:36:54.886Z"}
{"level":"info","message":"MongoDB Connected: ac-ujg8pad-shard-00-02.nh31pvk.mongodb.net","timestamp":"2024-12-23T10:36:57.765Z"}
{"ip":"::1","level":"error","message":"Please provide a valid email","method":"POST","path":"/api/auth/register","stack":"Error: Please provide a valid email\n    at D:\\Projects\\Devs\\NIBM ASSINGMENTS\\Ovini\\BusSeatBooking-backend\\src\\middleware\\validator.js:14:10\n    at process.processTicksAndRejections (node:internal/process/task_queues:95:5)","timestamp":"2024-12-23T10:37:37.259Z"}
{"level":"info","message":"::1 - - [23/Dec/2024:10:37:37 +0000] \"POST /api/auth/register HTTP/1.1\" 400 301 \"-\" \"PostmanRuntime/7.43.0\"","timestamp":"2024-12-23T10:37:37.263Z"}
{"level":"info","message":"Server running in development mode on port 5000","timestamp":"2024-12-23T10:38:55.533Z"}
{"level":"info","message":"Server running in development mode on port 5000","timestamp":"2024-12-23T10:38:56.157Z"}
{"level":"info","message":"MongoDB Connected: ac-ujg8pad-shard-00-02.nh31pvk.mongodb.net","timestamp":"2024-12-23T10:38:59.180Z"}
{"level":"info","message":"Server running in development mode on port 5000","timestamp":"2024-12-23T10:39:04.965Z"}
{"level":"info","message":"MongoDB Connected: ac-ujg8pad-shard-00-02.nh31pvk.mongodb.net","timestamp":"2024-12-23T10:39:07.706Z"}
{"level":"info","message":"Server running in development mode on port 5000","timestamp":"2024-12-23T10:39:08.570Z"}
{"level":"info","message":"MongoDB Connected: ac-ujg8pad-shard-00-02.nh31pvk.mongodb.net","timestamp":"2024-12-23T10:39:11.336Z"}
{"level":"info","message":"Server running in development mode on port 5000","timestamp":"2024-12-23T10:39:47.546Z"}
{"level":"info","message":"MongoDB Connected: ac-ujg8pad-shard-00-02.nh31pvk.mongodb.net","timestamp":"2024-12-23T10:39:50.468Z"}
{"level":"info","message":"Server running in development mode on port 5000","timestamp":"2024-12-23T10:39:55.695Z"}
{"level":"info","message":"Server running in development mode on port 5000","timestamp":"2024-12-23T10:39:59.220Z"}
{"level":"info","message":"MongoDB Connected: ac-ujg8pad-shard-00-00.nh31pvk.mongodb.net","timestamp":"2024-12-23T10:40:02.571Z"}
{"ip":"::1","level":"error","message":"User validation failed: username: username is required","method":"POST","path":"/api/auth/register","stack":"ValidationError: User validation failed: username: username is required\n    at Document.invalidate (D:\\Projects\\Devs\\NIBM ASSINGMENTS\\Ovini\\BusSeatBooking-backend\\node_modules\\mongoose\\lib\\document.js:3219:32)\n    at D:\\Projects\\Devs\\NIBM ASSINGMENTS\\Ovini\\BusSeatBooking-backend\\node_modules\\mongoose\\lib\\document.js:3012:17\n    at D:\\Projects\\Devs\\NIBM ASSINGMENTS\\Ovini\\BusSeatBooking-backend\\node_modules\\mongoose\\lib\\schematype.js:1368:9\n    at process.processTicksAndRejections (node:internal/process/task_queues:77:11)","timestamp":"2024-12-23T10:40:03.759Z"}
{"level":"info","message":"::1 - - [23/Dec/2024:10:40:03 +0000] \"POST /api/auth/register HTTP/1.1\" 400 51 \"-\" \"PostmanRuntime/7.43.0\"","timestamp":"2024-12-23T10:40:03.763Z"}
{"ip":"::1","level":"error","message":"User validation failed: username: username is required","method":"POST","path":"/api/auth/register","stack":"ValidationError: User validation failed: username: username is required\n    at Document.invalidate (D:\\Projects\\Devs\\NIBM ASSINGMENTS\\Ovini\\BusSeatBooking-backend\\node_modules\\mongoose\\lib\\document.js:3219:32)\n    at D:\\Projects\\Devs\\NIBM ASSINGMENTS\\Ovini\\BusSeatBooking-backend\\node_modules\\mongoose\\lib\\document.js:3012:17\n    at D:\\Projects\\Devs\\NIBM ASSINGMENTS\\Ovini\\BusSeatBooking-backend\\node_modules\\mongoose\\lib\\schematype.js:1368:9\n    at process.processTicksAndRejections (node:internal/process/task_queues:77:11)","timestamp":"2024-12-23T10:40:14.277Z"}
{"level":"info","message":"::1 - - [23/Dec/2024:10:40:14 +0000] \"POST /api/auth/register HTTP/1.1\" 400 51 \"-\" \"PostmanRuntime/7.43.0\"","timestamp":"2024-12-23T10:40:14.278Z"}
{"level":"info","message":"Server running in development mode on port 5000","timestamp":"2024-12-23T10:40:38.507Z"}
{"level":"info","message":"MongoDB Connected: ac-ujg8pad-shard-00-00.nh31pvk.mongodb.net","timestamp":"2024-12-23T10:40:41.212Z"}
{"level":"info","message":"Server running in development mode on port 5000","timestamp":"2024-12-23T10:40:49.089Z"}
{"level":"info","message":"MongoDB Connected: ac-ujg8pad-shard-00-00.nh31pvk.mongodb.net","timestamp":"2024-12-23T10:40:51.733Z"}
{"level":"info","message":"Server running in development mode on port 5000","timestamp":"2024-12-23T10:41:01.467Z"}
{"level":"info","message":"Server running in development mode on port 5000","timestamp":"2024-12-23T10:41:03.216Z"}
{"level":"info","message":"MongoDB Connected: ac-ujg8pad-shard-00-02.nh31pvk.mongodb.net","timestamp":"2024-12-23T10:41:05.898Z"}
{"level":"info","message":"Server running in development mode on port 5000","timestamp":"2024-12-23T10:41:45.215Z"}
{"level":"info","message":"MongoDB Connected: ac-ujg8pad-shard-00-02.nh31pvk.mongodb.net","timestamp":"2024-12-23T10:41:47.896Z"}
{"ip":"::1","level":"error","message":"User validation failed: username: username is required","method":"POST","path":"/api/auth/register","stack":"ValidationError: User validation failed: username: username is required\n    at Document.invalidate (D:\\Projects\\Devs\\NIBM ASSINGMENTS\\Ovini\\BusSeatBooking-backend\\node_modules\\mongoose\\lib\\document.js:3219:32)\n    at D:\\Projects\\Devs\\NIBM ASSINGMENTS\\Ovini\\BusSeatBooking-backend\\node_modules\\mongoose\\lib\\document.js:3012:17\n    at D:\\Projects\\Devs\\NIBM ASSINGMENTS\\Ovini\\BusSeatBooking-backend\\node_modules\\mongoose\\lib\\schematype.js:1368:9\n    at process.processTicksAndRejections (node:internal/process/task_queues:77:11)","timestamp":"2024-12-23T10:41:50.016Z"}
{"level":"info","message":"::1 - - [23/Dec/2024:10:41:50 +0000] \"POST /api/auth/register HTTP/1.1\" 400 51 \"-\" \"PostmanRuntime/7.43.0\"","timestamp":"2024-12-23T10:41:50.020Z"}
{"level":"info","message":"Server running in development mode on port 5000","timestamp":"2024-12-23T10:42:29.631Z"}
{"level":"info","message":"MongoDB Connected: ac-ujg8pad-shard-00-00.nh31pvk.mongodb.net","timestamp":"2024-12-23T10:42:32.568Z"}
{"ip":"::1","level":"error","message":"User validation failed: username: username is required","method":"POST","path":"/api/auth/register","stack":"ValidationError: User validation failed: username: username is required\n    at Document.invalidate (D:\\Projects\\Devs\\NIBM ASSINGMENTS\\Ovini\\BusSeatBooking-backend\\node_modules\\mongoose\\lib\\document.js:3219:32)\n    at D:\\Projects\\Devs\\NIBM ASSINGMENTS\\Ovini\\BusSeatBooking-backend\\node_modules\\mongoose\\lib\\document.js:3012:17\n    at D:\\Projects\\Devs\\NIBM ASSINGMENTS\\Ovini\\BusSeatBooking-backend\\node_modules\\mongoose\\lib\\schematype.js:1368:9\n    at process.processTicksAndRejections (node:internal/process/task_queues:77:11)","timestamp":"2024-12-23T10:43:13.811Z"}
{"level":"info","message":"::1 - - [23/Dec/2024:10:43:13 +0000] \"POST /api/auth/register HTTP/1.1\" 400 51 \"-\" \"PostmanRuntime/7.43.0\"","timestamp":"2024-12-23T10:43:13.814Z"}
{"level":"info","message":"Server running in development mode on port 5000","timestamp":"2024-12-23T10:43:30.853Z"}
{"level":"info","message":"MongoDB Connected: ac-ujg8pad-shard-00-02.nh31pvk.mongodb.net","timestamp":"2024-12-23T10:43:34.208Z"}
{"ip":"::1","level":"error","message":"User validation failed: username: username is required","method":"POST","path":"/api/auth/register","stack":"ValidationError: User validation failed: username: username is required\n    at Document.invalidate (D:\\Projects\\Devs\\NIBM ASSINGMENTS\\Ovini\\BusSeatBooking-backend\\node_modules\\mongoose\\lib\\document.js:3219:32)\n    at D:\\Projects\\Devs\\NIBM ASSINGMENTS\\Ovini\\BusSeatBooking-backend\\node_modules\\mongoose\\lib\\document.js:3012:17\n    at D:\\Projects\\Devs\\NIBM ASSINGMENTS\\Ovini\\BusSeatBooking-backend\\node_modules\\mongoose\\lib\\schematype.js:1368:9\n    at process.processTicksAndRejections (node:internal/process/task_queues:77:11)","timestamp":"2024-12-23T10:43:35.973Z"}
{"level":"info","message":"::1 - - [23/Dec/2024:10:43:35 +0000] \"POST /api/auth/register HTTP/1.1\" 400 51 \"-\" \"PostmanRuntime/7.43.0\"","timestamp":"2024-12-23T10:43:35.977Z"}
{"ip":"::1","level":"error","message":"User validation failed: username: username is required","method":"POST","path":"/api/auth/register","stack":"ValidationError: User validation failed: username: username is required\n    at Document.invalidate (D:\\Projects\\Devs\\NIBM ASSINGMENTS\\Ovini\\BusSeatBooking-backend\\node_modules\\mongoose\\lib\\document.js:3219:32)\n    at D:\\Projects\\Devs\\NIBM ASSINGMENTS\\Ovini\\BusSeatBooking-backend\\node_modules\\mongoose\\lib\\document.js:3012:17\n    at D:\\Projects\\Devs\\NIBM ASSINGMENTS\\Ovini\\BusSeatBooking-backend\\node_modules\\mongoose\\lib\\schematype.js:1368:9\n    at process.processTicksAndRejections (node:internal/process/task_queues:77:11)","timestamp":"2024-12-23T10:43:38.685Z"}
{"level":"info","message":"::1 - - [23/Dec/2024:10:43:38 +0000] \"POST /api/auth/register HTTP/1.1\" 400 51 \"-\" \"PostmanRuntime/7.43.0\"","timestamp":"2024-12-23T10:43:38.686Z"}
{"level":"info","message":"Server running in development mode on port 5000","timestamp":"2024-12-23T10:43:53.209Z"}
{"level":"info","message":"MongoDB Connected: ac-ujg8pad-shard-00-02.nh31pvk.mongodb.net","timestamp":"2024-12-23T10:43:55.932Z"}
{"level":"info","message":"Server running in development mode on port 5000","timestamp":"2024-12-23T10:44:14.431Z"}
{"level":"info","message":"MongoDB Connected: ac-ujg8pad-shard-00-02.nh31pvk.mongodb.net","timestamp":"2024-12-23T10:44:17.166Z"}
{"ip":"::1","level":"error","message":"User validation failed: username: username is required","method":"POST","path":"/api/auth/register","stack":"ValidationError: User validation failed: username: username is required\n    at Document.invalidate (D:\\Projects\\Devs\\NIBM ASSINGMENTS\\Ovini\\BusSeatBooking-backend\\node_modules\\mongoose\\lib\\document.js:3219:32)\n    at D:\\Projects\\Devs\\NIBM ASSINGMENTS\\Ovini\\BusSeatBooking-backend\\node_modules\\mongoose\\lib\\document.js:3012:17\n    at D:\\Projects\\Devs\\NIBM ASSINGMENTS\\Ovini\\BusSeatBooking-backend\\node_modules\\mongoose\\lib\\schematype.js:1368:9\n    at process.processTicksAndRejections (node:internal/process/task_queues:77:11)","timestamp":"2024-12-23T10:44:18.932Z"}
{"level":"info","message":"::1 - - [23/Dec/2024:10:44:18 +0000] \"POST /api/auth/register HTTP/1.1\" 400 51 \"-\" \"PostmanRuntime/7.43.0\"","timestamp":"2024-12-23T10:44:18.936Z"}
{"level":"info","message":"Server running in development mode on port 5000","timestamp":"2024-12-23T10:44:54.205Z"}
{"level":"info","message":"Server running in development mode on port 5000","timestamp":"2024-12-23T10:44:56.716Z"}
{"level":"info","message":"Server running in development mode on port 5000","timestamp":"2024-12-23T10:44:58.619Z"}
{"level":"info","message":"MongoDB Connected: ac-ujg8pad-shard-00-01.nh31pvk.mongodb.net","timestamp":"2024-12-23T10:45:01.375Z"}
{"level":"info","message":"Server running in development mode on port 5000","timestamp":"2024-12-23T10:45:04.605Z"}
{"level":"info","message":"Server running in development mode on port 5000","timestamp":"2024-12-23T10:45:07.343Z"}
{"level":"info","message":"MongoDB Connected: ac-ujg8pad-shard-00-01.nh31pvk.mongodb.net","timestamp":"2024-12-23T10:45:10.087Z"}
{"level":"info","message":"Server running in development mode on port 5000","timestamp":"2024-12-23T10:45:13.336Z"}
{"level":"info","message":"Server running in development mode on port 5000","timestamp":"2024-12-23T10:45:15.546Z"}
{"level":"info","message":"Server running in development mode on port 5000","timestamp":"2024-12-23T10:45:16.872Z"}
{"level":"info","message":"Server running in development mode on port 5000","timestamp":"2024-12-23T10:45:17.979Z"}
{"level":"info","message":"Server running in development mode on port 5000","timestamp":"2024-12-23T10:45:20.998Z"}
{"level":"info","message":"MongoDB Connected: ac-ujg8pad-shard-00-01.nh31pvk.mongodb.net","timestamp":"2024-12-23T10:45:23.775Z"}
{"level":"info","message":"Server running in development mode on port 5000","timestamp":"2024-12-23T10:45:27.130Z"}
{"level":"info","message":"MongoDB Connected: ac-ujg8pad-shard-00-01.nh31pvk.mongodb.net","timestamp":"2024-12-23T10:45:29.815Z"}
{"level":"info","message":"::1 - - [23/Dec/2024:10:45:37 +0000] \"POST /api/auth/register HTTP/1.1\" 201 334 \"-\" \"PostmanRuntime/7.43.0\"","timestamp":"2024-12-23T10:45:37.384Z"}
